<?xml version="1.0" encoding="UTF-8"?>
<!-- Generated by org.testng.reporters.JUnitReportReporter -->
<testsuite skipped="0" hostname="APTL19005P" name="test.TC3_CareersPageTest" tests="1" failures="0" timestamp="2022-01-11T08:32:37 CET" time="19.549" errors="0">
  <testcase name="CareersPageApply" time="19.549" classname="test.TC3_CareersPageTest"/>
  <system-out/>
</testsuite> <!-- test.TC3_CareersPageTest -->
