<?xml version="1.0" encoding="UTF-8"?>
<!-- Generated by org.testng.reporters.JUnitReportReporter -->
<testsuite skipped="0" hostname="APTL19005P" name="test.TC1_ContactsUSTest" tests="5" failures="0" timestamp="2022-01-11T08:32:37 CET" time="59.647" errors="0">
  <testcase name="contactUs" time="7.146" classname="test.TC1_ContactsUSTest"/>
  <system-out/>
  <testcase name="contactUs" time="9.351" classname="test.TC1_ContactsUSTest"/>
  <system-out/>
  <testcase name="contactUs" time="27.018" classname="test.TC1_ContactsUSTest"/>
  <system-out/>
  <testcase name="contactUs" time="9.657" classname="test.TC1_ContactsUSTest"/>
  <system-out/>
  <testcase name="contactUs" time="6.475" classname="test.TC1_ContactsUSTest"/>
  <system-out/>
</testsuite> <!-- test.TC1_ContactsUSTest -->
