<?xml version="1.0" encoding="UTF-8"?>
<!-- Generated by org.testng.reporters.JUnitReportReporter -->
<testsuite skipped="0" hostname="APTL19005P" name="test.TC4_CareersPageTest" tests="1" failures="0" timestamp="2022-01-11T14:12:55 CET" time="28.686" errors="0">
  <testcase name="CareersPageListPositions" time="28.686" classname="test.TC4_CareersPageTest"/>
  <system-out/>
</testsuite> <!-- test.TC4_CareersPageTest -->
