<?xml version="1.0" encoding="UTF-8"?>
<!-- Generated by org.testng.reporters.JUnitReportReporter -->
<testsuite hostname="APTL19005P" failures="0" tests="1" name="test.TC3_CareersPageTest" time="16.093" errors="0" timestamp="2022-01-11T15:11:47 CET" skipped="0">
  <testcase classname="test.TC3_CareersPageTest" name="CareersPageApply" time="16.093"/>
  <system-out/>
</testsuite> <!-- test.TC3_CareersPageTest -->
