<?xml version="1.0" encoding="UTF-8"?>
<!-- Generated by org.testng.reporters.JUnitReportReporter -->
<testsuite hostname="APTL19005P" failures="0" tests="5" name="test.TC1_ContactsUSTest" time="35.469" errors="0" timestamp="2022-01-11T15:11:47 CET" skipped="0">
  <testcase classname="test.TC1_ContactsUSTest" name="contactUs" time="6.687"/>
  <system-out/>
  <testcase classname="test.TC1_ContactsUSTest" name="contactUs" time="5.247"/>
  <system-out/>
  <testcase classname="test.TC1_ContactsUSTest" name="contactUs" time="6.345"/>
  <system-out/>
  <testcase classname="test.TC1_ContactsUSTest" name="contactUs" time="4.152"/>
  <system-out/>
  <testcase classname="test.TC1_ContactsUSTest" name="contactUs" time="13.038"/>
  <system-out/>
</testsuite> <!-- test.TC1_ContactsUSTest -->
