<?xml version="1.0" encoding="UTF-8"?>
<!-- Generated by org.testng.reporters.JUnitReportReporter -->
<testsuite hostname="APTL19005P" failures="0" tests="1" name="test.TC2_CompanyPageTest" time="15.890" errors="0" timestamp="2022-01-11T15:11:47 CET" skipped="0">
  <testcase classname="test.TC2_CompanyPageTest" name="companyPage" time="15.890"/>
  <system-out/>
</testsuite> <!-- test.TC2_CompanyPageTest -->
