<?xml version="1.0" encoding="UTF-8"?>
<!-- Generated by org.testng.reporters.JUnitReportReporter -->
<testsuite hostname="APTL19005P" failures="0" tests="1" name="test.TC4_CareersPageTest" time="25.652" errors="0" timestamp="2022-01-11T15:11:47 CET" skipped="0">
  <testcase classname="test.TC4_CareersPageTest" name="CareersPageListPositions" time="25.652"/>
  <system-out/>
</testsuite> <!-- test.TC4_CareersPageTest -->
